# JRE version: Java(TM) SE Runtime Environment (8.0_231-b11) (build 1.8.0_231-b11)
# Java VM: Java HotSpot(TM) 64-Bit Server VM (25.231-b11 mixed mode windows-amd64 compressed oops)
Heap:
 PSYoungGen      total 209408K, used 121842K [0x000000076b780000, 0x0000000779380000, 0x00000007c0000000)
  eden space 195584K, 56% used [0x000000076b780000,0x00000007722b5758,0x0000000777680000)
  from space 13824K, 87% used [0x0000000778580000,0x0000000779147448,0x0000000779300000)
  to   space 14848K, 0% used [0x0000000777680000,0x0000000777680000,0x0000000778500000)
 ParOldGen       total 169984K, used 14914K [0x00000006c2600000, 0x00000006ccc00000, 0x000000076b780000)
  object space 169984K, 8% used [0x00000006c2600000,0x00000006c3490ac8,0x00000006ccc00000)
 Metaspace       used 43320K, capacity 45316K, committed 45608K, reserved 1089536K
  class space    used 5723K, capacity 6092K, committed 6184K, reserved 1048576K
GC Heap History (10 events):
Event: 8.731 GC heap before
{Heap before GC invocations=6 (full 1):
 PSYoungGen      total 105984K, used 105622K [0x000000076b780000, 0x0000000774680000, 0x00000007c0000000)
  eden space 100352K, 100% used [0x000000076b780000,0x0000000771980000,0x0000000771980000)
  from space 5632K, 93% used [0x0000000774100000,0x0000000774625aa8,0x0000000774680000)
  to   space 10752K, 0% used [0x0000000773180000,0x0000000773180000,0x0000000773c00000)
 ParOldGen       total 99840K, used 6956K [0x00000006c2600000, 0x00000006c8780000, 0x000000076b780000)
  object space 99840K, 6% used [0x00000006c2600000,0x00000006c2ccb348,0x00000006c8780000)
 Metaspace       used 29646K, capacity 31072K, committed 31232K, reserved 1077248K
  class space    used 4001K, capacity 4276K, committed 4352K, reserved 1048576K
Event: 8.750 GC heap after
Heap after GC invocations=6 (full 1):
 PSYoungGen      total 135680K, used 10736K [0x000000076b780000, 0x0000000776580000, 0x00000007c0000000)
  eden space 124928K, 0% used [0x000000076b780000,0x000000076b780000,0x0000000773180000)
  from space 10752K, 99% used [0x0000000773180000,0x0000000773bfc170,0x0000000773c00000)
  to   space 12800K, 0% used [0x0000000775900000,0x0000000775900000,0x0000000776580000)
 ParOldGen       total 99840K, used 7023K [0x00000006c2600000, 0x00000006c8780000, 0x000000076b780000)
  object space 99840K, 7% used [0x00000006c2600000,0x00000006c2cdbd28,0x00000006c8780000)
 Metaspace       used 29646K, capacity 31072K, committed 31232K, reserved 1077248K
  class space    used 4001K, capacity 4276K, committed 4352K, reserved 1048576K
}
Event: 9.416 GC heap before
{Heap before GC invocations=7 (full 1):
 PSYoungGen      total 135680K, used 53087K [0x000000076b780000, 0x0000000776580000, 0x00000007c0000000)
  eden space 124928K, 33% used [0x000000076b780000,0x000000076e0dbd40,0x0000000773180000)
  from space 10752K, 99% used [0x0000000773180000,0x0000000773bfc170,0x0000000773c00000)
  to   space 12800K, 0% used [0x0000000775900000,0x0000000775900000,0x0000000776580000)
 ParOldGen       total 99840K, used 7023K [0x00000006c2600000, 0x00000006c8780000, 0x000000076b780000)
  object space 99840K, 7% used [0x00000006c2600000,0x00000006c2cdbd28,0x00000006c8780000)
 Metaspace       used 33922K, capacity 35424K, committed 35496K, reserved 1079296K
  class space    used 4460K, capacity 4762K, committed 4776K, reserved 1048576K
Event: 9.432 GC heap after
Heap after GC invocations=7 (full 1):
 PSYoungGen      total 164864K, used 9628K [0x000000076b780000, 0x0000000778f00000, 0x00000007c0000000)
  eden space 152064K, 0% used [0x000000076b780000,0x000000076b780000,0x0000000774c00000)
  from space 12800K, 75% used [0x0000000775900000,0x0000000776267380,0x0000000776580000)
  to   space 13312K, 0% used [0x0000000774c00000,0x0000000774c00000,0x0000000775900000)
 ParOldGen       total 99840K, used 7095K [0x00000006c2600000, 0x00000006c8780000, 0x000000076b780000)
  object space 99840K, 7% used [0x00000006c2600000,0x00000006c2cedd38,0x00000006c8780000)
 Metaspace       used 33922K, capacity 35424K, committed 35496K, reserved 1079296K
  class space    used 4460K, capacity 4762K, committed 4776K, reserved 1048576K
}
Event: 9.432 GC heap before
{Heap before GC invocations=8 (full 2):
 PSYoungGen      total 164864K, used 9628K [0x000000076b780000, 0x0000000778f00000, 0x00000007c0000000)
  eden space 152064K, 0% used [0x000000076b780000,0x000000076b780000,0x0000000774c00000)
  from space 12800K, 75% used [0x0000000775900000,0x0000000776267380,0x0000000776580000)
  to   space 13312K, 0% used [0x0000000774c00000,0x0000000774c00000,0x0000000775900000)
 ParOldGen       total 99840K, used 7095K [0x00000006c2600000, 0x00000006c8780000, 0x000000076b780000)
  object space 99840K, 7% used [0x00000006c2600000,0x00000006c2cedd38,0x00000006c8780000)
 Metaspace       used 33922K, capacity 35424K, committed 35496K, reserved 1079296K
  class space    used 4460K, capacity 4762K, committed 4776K, reserved 1048576K
Event: 9.624 GC heap after
Heap after GC invocations=8 (full 2):
 PSYoungGen      total 164864K, used 0K [0x000000076b780000, 0x0000000778f00000, 0x00000007c0000000)
  eden space 152064K, 0% used [0x000000076b780000,0x000000076b780000,0x0000000774c00000)
  from space 12800K, 0% used [0x0000000775900000,0x0000000775900000,0x0000000776580000)
  to   space 13312K, 0% used [0x0000000774c00000,0x0000000774c00000,0x0000000775900000)
 ParOldGen       total 169984K, used 14898K [0x00000006c2600000, 0x00000006ccc00000, 0x000000076b780000)
  object space 169984K, 8% used [0x00000006c2600000,0x00000006c348cac8,0x00000006ccc00000)
 Metaspace       used 33922K, capacity 35424K, committed 35496K, reserved 1079296K
  class space    used 4460K, capacity 4762K, committed 4776K, reserved 1048576K
}
Event: 10.629 GC heap before
{Heap before GC invocations=9 (full 2):
 PSYoungGen      total 164864K, used 152064K [0x000000076b780000, 0x0000000778f00000, 0x00000007c0000000)
  eden space 152064K, 100% used [0x000000076b780000,0x0000000774c00000,0x0000000774c00000)
  from space 12800K, 0% used [0x0000000775900000,0x0000000775900000,0x0000000776580000)
  to   space 13312K, 0% used [0x0000000774c00000,0x0000000774c00000,0x0000000775900000)
 ParOldGen       total 169984K, used 14898K [0x00000006c2600000, 0x00000006ccc00000, 0x000000076b780000)
  object space 169984K, 8% used [0x00000006c2600000,0x00000006c348cac8,0x00000006ccc00000)
 Metaspace       used 35646K, capacity 37244K, committed 37288K, reserved 1081344K
  class space    used 4686K, capacity 5008K, committed 5032K, reserved 1048576K
Event: 10.635 GC heap after
Heap after GC invocations=9 (full 2):
 PSYoungGen      total 165376K, used 3275K [0x000000076b780000, 0x0000000779300000, 0x00000007c0000000)
  eden space 152064K, 0% used [0x000000076b780000,0x000000076b780000,0x0000000774c00000)
  from space 13312K, 24% used [0x0000000774c00000,0x0000000774f32de0,0x0000000775900000)
  to   space 13824K, 0% used [0x0000000778580000,0x0000000778580000,0x0000000779300000)
 ParOldGen       total 169984K, used 14906K [0x00000006c2600000, 0x00000006ccc00000, 0x000000076b780000)
  object space 169984K, 8% used [0x00000006c2600000,0x00000006c348eac8,0x00000006ccc00000)
 Metaspace       used 35646K, capacity 37244K, committed 37288K, reserved 1081344K
  class space    used 4686K, capacity 5008K, committed 5032K, reserved 1048576K
}
Event: 12.494 GC heap before
{Heap before GC invocations=10 (full 2):
 PSYoungGen      total 165376K, used 155339K [0x000000076b780000, 0x0000000779300000, 0x00000007c0000000)
  eden space 152064K, 100% used [0x000000076b780000,0x0000000774c00000,0x0000000774c00000)
  from space 13312K, 24% used [0x0000000774c00000,0x0000000774f32de0,0x0000000775900000)
  to   space 13824K, 0% used [0x0000000778580000,0x0000000778580000,0x0000000779300000)
 ParOldGen       total 169984K, used 14906K [0x00000006c2600000, 0x00000006ccc00000, 0x000000076b780000)
  object space 169984K, 8% used [0x00000006c2600000,0x00000006c348eac8,0x00000006ccc00000)
 Metaspace       used 42082K, capacity 44080K, committed 44328K, reserved 1087488K
  class space    used 5529K, capacity 5896K, committed 5928K, reserved 1048576K
Event: 12.515 GC heap after
Heap after GC invocations=10 (full 2):
 PSYoungGen      total 209408K, used 12061K [0x000000076b780000, 0x0000000779380000, 0x00000007c0000000)
  eden space 195584K, 0% used [0x000000076b780000,0x000000076b780000,0x0000000777680000)
  from space 13824K, 87% used [0x0000000778580000,0x0000000779147448,0x0000000779300000)
  to   space 14848K, 0% used [0x0000000777680000,0x0000000777680000,0x0000000778500000)
 ParOldGen       total 169984K, used 14914K [0x00000006c2600000, 0x00000006ccc00000, 0x000000076b780000)
  object space 169984K, 8% used [0x00000006c2600000,0x00000006c3490ac8,0x00000006ccc00000)
 Metaspace       used 42082K, capacity 44080K, committed 44328K, reserved 1087488K
  class space    used 5529K, capacity 5896K, committed 5928K, reserved 1048576K
}

