# JRE version: Java(TM) SE Runtime Environment (8.0_231-b11) (build 1.8.0_231-b11)
# Java VM: Java HotSpot(TM) 64-Bit Server VM (25.231-b11 mixed mode windows-amd64 compressed oops)
Heap:
 PSYoungGen      total 214528K, used 117631K [0x000000076b780000, 0x0000000779900000, 0x00000007c0000000)
  eden space 201216K, 52% used [0x000000076b780000,0x0000000771e48cf8,0x0000000777c00000)
  from space 13312K, 93% used [0x0000000778c00000,0x00000007798171a8,0x0000000779900000)
  to   space 14848K, 0% used [0x0000000777c00000,0x0000000777c00000,0x0000000778a80000)
 ParOldGen       total 166400K, used 14913K [0x00000006c2600000, 0x00000006cc880000, 0x000000076b780000)
  object space 166400K, 8% used [0x00000006c2600000,0x00000006c34905c8,0x00000006cc880000)
 Metaspace       used 43261K, capacity 45236K, committed 45352K, reserved 1089536K
  class space    used 5721K, capacity 6092K, committed 6184K, reserved 1048576K
GC Heap History (10 events):
Event: 8.198 GC heap before
{Heap before GC invocations=6 (full 1):
 PSYoungGen      total 107008K, used 106600K [0x000000076b780000, 0x0000000774680000, 0x00000007c0000000)
  eden space 101376K, 100% used [0x000000076b780000,0x0000000771a80000,0x0000000771a80000)
  from space 5632K, 92% used [0x0000000774100000,0x000000077461a270,0x0000000774680000)
  to   space 10752K, 0% used [0x0000000773180000,0x0000000773180000,0x0000000773c00000)
 ParOldGen       total 98816K, used 7065K [0x00000006c2600000, 0x00000006c8680000, 0x000000076b780000)
  object space 98816K, 7% used [0x00000006c2600000,0x00000006c2ce6740,0x00000006c8680000)
 Metaspace       used 29774K, capacity 31284K, committed 31488K, reserved 1077248K
  class space    used 4024K, capacity 4308K, committed 4352K, reserved 1048576K
Event: 8.219 GC heap after
Heap after GC invocations=6 (full 1):
 PSYoungGen      total 135680K, used 10742K [0x000000076b780000, 0x0000000776900000, 0x00000007c0000000)
  eden space 124928K, 0% used [0x000000076b780000,0x000000076b780000,0x0000000773180000)
  from space 10752K, 99% used [0x0000000773180000,0x0000000773bfd938,0x0000000773c00000)
  to   space 13312K, 0% used [0x0000000775c00000,0x0000000775c00000,0x0000000776900000)
 ParOldGen       total 98816K, used 7321K [0x00000006c2600000, 0x00000006c8680000, 0x000000076b780000)
  object space 98816K, 7% used [0x00000006c2600000,0x00000006c2d26468,0x00000006c8680000)
 Metaspace       used 29774K, capacity 31284K, committed 31488K, reserved 1077248K
  class space    used 4024K, capacity 4308K, committed 4352K, reserved 1048576K
}
Event: 8.874 GC heap before
{Heap before GC invocations=7 (full 1):
 PSYoungGen      total 135680K, used 50677K [0x000000076b780000, 0x0000000776900000, 0x00000007c0000000)
  eden space 124928K, 31% used [0x000000076b780000,0x000000076de7fb38,0x0000000773180000)
  from space 10752K, 99% used [0x0000000773180000,0x0000000773bfd938,0x0000000773c00000)
  to   space 13312K, 0% used [0x0000000775c00000,0x0000000775c00000,0x0000000776900000)
 ParOldGen       total 98816K, used 7321K [0x00000006c2600000, 0x00000006c8680000, 0x000000076b780000)
  object space 98816K, 7% used [0x00000006c2600000,0x00000006c2d26468,0x00000006c8680000)
 Metaspace       used 33921K, capacity 35408K, committed 35496K, reserved 1079296K
  class space    used 4462K, capacity 4762K, committed 4776K, reserved 1048576K
Event: 8.888 GC heap after
Heap after GC invocations=7 (full 1):
 PSYoungGen      total 168448K, used 9622K [0x000000076b780000, 0x0000000778e00000, 0x00000007c0000000)
  eden space 155136K, 0% used [0x000000076b780000,0x000000076b780000,0x0000000774f00000)
  from space 13312K, 72% used [0x0000000775c00000,0x0000000776565820,0x0000000776900000)
  to   space 13312K, 0% used [0x0000000774f00000,0x0000000774f00000,0x0000000775c00000)
 ParOldGen       total 98816K, used 7393K [0x00000006c2600000, 0x00000006c8680000, 0x000000076b780000)
  object space 98816K, 7% used [0x00000006c2600000,0x00000006c2d38478,0x00000006c8680000)
 Metaspace       used 33921K, capacity 35408K, committed 35496K, reserved 1079296K
  class space    used 4462K, capacity 4762K, committed 4776K, reserved 1048576K
}
Event: 8.888 GC heap before
{Heap before GC invocations=8 (full 2):
 PSYoungGen      total 168448K, used 9622K [0x000000076b780000, 0x0000000778e00000, 0x00000007c0000000)
  eden space 155136K, 0% used [0x000000076b780000,0x000000076b780000,0x0000000774f00000)
  from space 13312K, 72% used [0x0000000775c00000,0x0000000776565820,0x0000000776900000)
  to   space 13312K, 0% used [0x0000000774f00000,0x0000000774f00000,0x0000000775c00000)
 ParOldGen       total 98816K, used 7393K [0x00000006c2600000, 0x00000006c8680000, 0x000000076b780000)
  object space 98816K, 7% used [0x00000006c2600000,0x00000006c2d38478,0x00000006c8680000)
 Metaspace       used 33921K, capacity 35408K, committed 35496K, reserved 1079296K
  class space    used 4462K, capacity 4762K, committed 4776K, reserved 1048576K
Event: 9.075 GC heap after
Heap after GC invocations=8 (full 2):
 PSYoungGen      total 168448K, used 0K [0x000000076b780000, 0x0000000778e00000, 0x00000007c0000000)
  eden space 155136K, 0% used [0x000000076b780000,0x000000076b780000,0x0000000774f00000)
  from space 13312K, 0% used [0x0000000775c00000,0x0000000775c00000,0x0000000776900000)
  to   space 13312K, 0% used [0x0000000774f00000,0x0000000774f00000,0x0000000775c00000)
 ParOldGen       total 166400K, used 14897K [0x00000006c2600000, 0x00000006cc880000, 0x000000076b780000)
  object space 166400K, 8% used [0x00000006c2600000,0x00000006c348c5c8,0x00000006cc880000)
 Metaspace       used 33921K, capacity 35408K, committed 35496K, reserved 1079296K
  class space    used 4462K, capacity 4762K, committed 4776K, reserved 1048576K
}
Event: 10.085 GC heap before
{Heap before GC invocations=9 (full 2):
 PSYoungGen      total 168448K, used 155136K [0x000000076b780000, 0x0000000778e00000, 0x00000007c0000000)
  eden space 155136K, 100% used [0x000000076b780000,0x0000000774f00000,0x0000000774f00000)
  from space 13312K, 0% used [0x0000000775c00000,0x0000000775c00000,0x0000000776900000)
  to   space 13312K, 0% used [0x0000000774f00000,0x0000000774f00000,0x0000000775c00000)
 ParOldGen       total 166400K, used 14897K [0x00000006c2600000, 0x00000006cc880000, 0x000000076b780000)
  object space 166400K, 8% used [0x00000006c2600000,0x00000006c348c5c8,0x00000006cc880000)
 Metaspace       used 35607K, capacity 37228K, committed 37288K, reserved 1081344K
  class space    used 4686K, capacity 5008K, committed 5032K, reserved 1048576K
Event: 10.092 GC heap after
Heap after GC invocations=9 (full 2):
 PSYoungGen      total 168448K, used 3195K [0x000000076b780000, 0x0000000779980000, 0x00000007c0000000)
  eden space 155136K, 0% used [0x000000076b780000,0x000000076b780000,0x0000000774f00000)
  from space 13312K, 24% used [0x0000000774f00000,0x000000077521eda0,0x0000000775c00000)
  to   space 13824K, 0% used [0x0000000778c00000,0x0000000778c00000,0x0000000779980000)
 ParOldGen       total 166400K, used 14905K [0x00000006c2600000, 0x00000006cc880000, 0x000000076b780000)
  object space 166400K, 8% used [0x00000006c2600000,0x00000006c348e5c8,0x00000006cc880000)
 Metaspace       used 35607K, capacity 37228K, committed 37288K, reserved 1081344K
  class space    used 4686K, capacity 5008K, committed 5032K, reserved 1048576K
}
Event: 12.044 GC heap before
{Heap before GC invocations=10 (full 2):
 PSYoungGen      total 168448K, used 158331K [0x000000076b780000, 0x0000000779980000, 0x00000007c0000000)
  eden space 155136K, 100% used [0x000000076b780000,0x0000000774f00000,0x0000000774f00000)
  from space 13312K, 24% used [0x0000000774f00000,0x000000077521eda0,0x0000000775c00000)
  to   space 13824K, 0% used [0x0000000778c00000,0x0000000778c00000,0x0000000779980000)
 ParOldGen       total 166400K, used 14905K [0x00000006c2600000, 0x00000006cc880000, 0x000000076b780000)
  object space 166400K, 8% used [0x00000006c2600000,0x00000006c348e5c8,0x00000006cc880000)
 Metaspace       used 42334K, capacity 44384K, committed 44712K, reserved 1087488K
  class space    used 5582K, capacity 5960K, committed 6056K, reserved 1048576K
Event: 12.064 GC heap after
Heap after GC invocations=10 (full 2):
 PSYoungGen      total 214528K, used 12380K [0x000000076b780000, 0x0000000779900000, 0x00000007c0000000)
  eden space 201216K, 0% used [0x000000076b780000,0x000000076b780000,0x0000000777c00000)
  from space 13312K, 93% used [0x0000000778c00000,0x00000007798171a8,0x0000000779900000)
  to   space 14848K, 0% used [0x0000000777c00000,0x0000000777c00000,0x0000000778a80000)
 ParOldGen       total 166400K, used 14913K [0x00000006c2600000, 0x00000006cc880000, 0x000000076b780000)
  object space 166400K, 8% used [0x00000006c2600000,0x00000006c34905c8,0x00000006cc880000)
 Metaspace       used 42334K, capacity 44384K, committed 44712K, reserved 1087488K
  class space    used 5582K, capacity 5960K, committed 6056K, reserved 1048576K
}

