# JRE version: Java(TM) SE Runtime Environment (8.0_231-b11) (build 1.8.0_231-b11)
# Java VM: Java HotSpot(TM) 64-Bit Server VM (25.231-b11 mixed mode windows-amd64 compressed oops)
Heap:
 PSYoungGen      total 225792K, used 99321K [0x000000076b780000, 0x000000077a580000, 0x00000007c0000000)
  eden space 212992K, 40% used [0x000000076b780000,0x0000000770c34148,0x0000000778780000)
  from space 12800K, 98% used [0x0000000779900000,0x000000077a54a6a8,0x000000077a580000)
  to   space 15360K, 0% used [0x0000000778780000,0x0000000778780000,0x0000000779680000)
 ParOldGen       total 159232K, used 14772K [0x00000006c2600000, 0x00000006cc180000, 0x000000076b780000)
  object space 159232K, 9% used [0x00000006c2600000,0x00000006c346d1a0,0x00000006cc180000)
 Metaspace       used 43236K, capacity 45244K, committed 45352K, reserved 1089536K
  class space    used 5721K, capacity 6092K, committed 6184K, reserved 1048576K
GC Heap History (10 events):
Event: 8.055 GC heap before
{Heap before GC invocations=6 (full 1):
 PSYoungGen      total 110080K, used 109687K [0x000000076b780000, 0x0000000774680000, 0x00000007c0000000)
  eden space 104448K, 100% used [0x000000076b780000,0x0000000771d80000,0x0000000771d80000)
  from space 5632K, 93% used [0x0000000774100000,0x000000077461dfe8,0x0000000774680000)
  to   space 10752K, 0% used [0x0000000773180000,0x0000000773180000,0x0000000773c00000)
 ParOldGen       total 95232K, used 7086K [0x00000006c2600000, 0x00000006c8300000, 0x000000076b780000)
  object space 95232K, 7% used [0x00000006c2600000,0x00000006c2ceba60,0x00000006c8300000)
 Metaspace       used 29996K, capacity 31464K, committed 31744K, reserved 1077248K
  class space    used 4041K, capacity 4342K, committed 4352K, reserved 1048576K
Event: 8.074 GC heap after
Heap after GC invocations=6 (full 1):
 PSYoungGen      total 135680K, used 10749K [0x000000076b780000, 0x0000000777200000, 0x00000007c0000000)
  eden space 124928K, 0% used [0x000000076b780000,0x000000076b780000,0x0000000773180000)
  from space 10752K, 99% used [0x0000000773180000,0x0000000773bff6c0,0x0000000773c00000)
  to   space 13312K, 0% used [0x0000000776500000,0x0000000776500000,0x0000000777200000)
 ParOldGen       total 95232K, used 7862K [0x00000006c2600000, 0x00000006c8300000, 0x000000076b780000)
  object space 95232K, 8% used [0x00000006c2600000,0x00000006c2dad900,0x00000006c8300000)
 Metaspace       used 29996K, capacity 31464K, committed 31744K, reserved 1077248K
  class space    used 4041K, capacity 4342K, committed 4352K, reserved 1048576K
}
Event: 8.720 GC heap before
{Heap before GC invocations=7 (full 1):
 PSYoungGen      total 135680K, used 48591K [0x000000076b780000, 0x0000000777200000, 0x00000007c0000000)
  eden space 124928K, 30% used [0x000000076b780000,0x000000076dc74758,0x0000000773180000)
  from space 10752K, 99% used [0x0000000773180000,0x0000000773bff6c0,0x0000000773c00000)
  to   space 13312K, 0% used [0x0000000776500000,0x0000000776500000,0x0000000777200000)
 ParOldGen       total 95232K, used 7862K [0x00000006c2600000, 0x00000006c8300000, 0x000000076b780000)
  object space 95232K, 8% used [0x00000006c2600000,0x00000006c2dad900,0x00000006c8300000)
 Metaspace       used 33916K, capacity 35416K, committed 35496K, reserved 1079296K
  class space    used 4462K, capacity 4762K, committed 4776K, reserved 1048576K
Event: 8.734 GC heap after
Heap after GC invocations=7 (full 1):
 PSYoungGen      total 177664K, used 9470K [0x000000076b780000, 0x0000000779180000, 0x00000007c0000000)
  eden space 164352K, 0% used [0x000000076b780000,0x000000076b780000,0x0000000775800000)
  from space 13312K, 71% used [0x0000000776500000,0x0000000776e3f988,0x0000000777200000)
  to   space 13312K, 0% used [0x0000000775800000,0x0000000775800000,0x0000000776500000)
 ParOldGen       total 95232K, used 7934K [0x00000006c2600000, 0x00000006c8300000, 0x000000076b780000)
  object space 95232K, 8% used [0x00000006c2600000,0x00000006c2dbf910,0x00000006c8300000)
 Metaspace       used 33916K, capacity 35416K, committed 35496K, reserved 1079296K
  class space    used 4462K, capacity 4762K, committed 4776K, reserved 1048576K
}
Event: 8.734 GC heap before
{Heap before GC invocations=8 (full 2):
 PSYoungGen      total 177664K, used 9470K [0x000000076b780000, 0x0000000779180000, 0x00000007c0000000)
  eden space 164352K, 0% used [0x000000076b780000,0x000000076b780000,0x0000000775800000)
  from space 13312K, 71% used [0x0000000776500000,0x0000000776e3f988,0x0000000777200000)
  to   space 13312K, 0% used [0x0000000775800000,0x0000000775800000,0x0000000776500000)
 ParOldGen       total 95232K, used 7934K [0x00000006c2600000, 0x00000006c8300000, 0x000000076b780000)
  object space 95232K, 8% used [0x00000006c2600000,0x00000006c2dbf910,0x00000006c8300000)
 Metaspace       used 33916K, capacity 35416K, committed 35496K, reserved 1079296K
  class space    used 4462K, capacity 4762K, committed 4776K, reserved 1048576K
Event: 8.928 GC heap after
Heap after GC invocations=8 (full 2):
 PSYoungGen      total 177664K, used 0K [0x000000076b780000, 0x0000000779180000, 0x00000007c0000000)
  eden space 164352K, 0% used [0x000000076b780000,0x000000076b780000,0x0000000775800000)
  from space 13312K, 0% used [0x0000000776500000,0x0000000776500000,0x0000000777200000)
  to   space 13312K, 0% used [0x0000000775800000,0x0000000775800000,0x0000000776500000)
 ParOldGen       total 159232K, used 14756K [0x00000006c2600000, 0x00000006cc180000, 0x000000076b780000)
  object space 159232K, 9% used [0x00000006c2600000,0x00000006c34691a0,0x00000006cc180000)
 Metaspace       used 33916K, capacity 35416K, committed 35496K, reserved 1079296K
  class space    used 4462K, capacity 4762K, committed 4776K, reserved 1048576K
}
Event: 10.148 GC heap before
{Heap before GC invocations=9 (full 2):
 PSYoungGen      total 177664K, used 164352K [0x000000076b780000, 0x0000000779180000, 0x00000007c0000000)
  eden space 164352K, 100% used [0x000000076b780000,0x0000000775800000,0x0000000775800000)
  from space 13312K, 0% used [0x0000000776500000,0x0000000776500000,0x0000000777200000)
  to   space 13312K, 0% used [0x0000000775800000,0x0000000775800000,0x0000000776500000)
 ParOldGen       total 159232K, used 14756K [0x00000006c2600000, 0x00000006cc180000, 0x000000076b780000)
  object space 159232K, 9% used [0x00000006c2600000,0x00000006c34691a0,0x00000006cc180000)
 Metaspace       used 35654K, capacity 37242K, committed 37288K, reserved 1081344K
  class space    used 4699K, capacity 5009K, committed 5032K, reserved 1048576K
Event: 10.156 GC heap after
Heap after GC invocations=9 (full 2):
 PSYoungGen      total 177664K, used 3420K [0x000000076b780000, 0x000000077a680000, 0x00000007c0000000)
  eden space 164352K, 0% used [0x000000076b780000,0x000000076b780000,0x0000000775800000)
  from space 13312K, 25% used [0x0000000775800000,0x0000000775b57208,0x0000000776500000)
  to   space 13824K, 0% used [0x0000000779900000,0x0000000779900000,0x000000077a680000)
 ParOldGen       total 159232K, used 14764K [0x00000006c2600000, 0x00000006cc180000, 0x000000076b780000)
  object space 159232K, 9% used [0x00000006c2600000,0x00000006c346b1a0,0x00000006cc180000)
 Metaspace       used 35654K, capacity 37242K, committed 37288K, reserved 1081344K
  class space    used 4699K, capacity 5009K, committed 5032K, reserved 1048576K
}
Event: 12.296 GC heap before
{Heap before GC invocations=10 (full 2):
 PSYoungGen      total 177664K, used 167772K [0x000000076b780000, 0x000000077a680000, 0x00000007c0000000)
  eden space 164352K, 100% used [0x000000076b780000,0x0000000775800000,0x0000000775800000)
  from space 13312K, 25% used [0x0000000775800000,0x0000000775b57208,0x0000000776500000)
  to   space 13824K, 0% used [0x0000000779900000,0x0000000779900000,0x000000077a680000)
 ParOldGen       total 159232K, used 14764K [0x00000006c2600000, 0x00000006cc180000, 0x000000076b780000)
  object space 159232K, 9% used [0x00000006c2600000,0x00000006c346b1a0,0x00000006cc180000)
 Metaspace       used 42680K, capacity 44718K, committed 44968K, reserved 1087488K
  class space    used 5641K, capacity 6025K, committed 6056K, reserved 1048576K
Event: 12.315 GC heap after
Heap after GC invocations=10 (full 2):
 PSYoungGen      total 225792K, used 12585K [0x000000076b780000, 0x000000077a580000, 0x00000007c0000000)
  eden space 212992K, 0% used [0x000000076b780000,0x000000076b780000,0x0000000778780000)
  from space 12800K, 98% used [0x0000000779900000,0x000000077a54a6a8,0x000000077a580000)
  to   space 15360K, 0% used [0x0000000778780000,0x0000000778780000,0x0000000779680000)
 ParOldGen       total 159232K, used 14772K [0x00000006c2600000, 0x00000006cc180000, 0x000000076b780000)
  object space 159232K, 9% used [0x00000006c2600000,0x00000006c346d1a0,0x00000006cc180000)
 Metaspace       used 42680K, capacity 44718K, committed 44968K, reserved 1087488K
  class space    used 5641K, capacity 6025K, committed 6056K, reserved 1048576K
}

